2025-09-21 19:21:23,885 - documentor.processing.parsers.image_parser - INFO - OCR pipeline configured for image processing
2025-09-21 19:21:24,154 - documentor.processing.parsers.pdf_parser - INFO - PDF parser initialized
2025-09-21 19:21:24,154 - documentor.processing.parsers.docx_parser - INFO - DOCX parser initialized
2025-09-21 19:21:24,155 - documentor.processing.parsers.docx_parser - INFO - DOCX parser initialized
2025-09-21 19:21:25,077 - documentor.processing.parsers.word_com_converter - INFO - Word COM converter initialized
2025-09-21 19:21:26,178 - documentor.processing.parsers.doc_parser - INFO - DOC parser initialized with Word COM conversion support
2025-09-21 19:21:26,178 - documentor.processing.parsers.registry - INFO - Registered parsers for extensions: ['.txt', '.jpg', '.png', '.jpeg', '.pdf', '.docx', '.doc']
2025-09-21 19:21:26,179 - documentor.processing.processors.document_processor - INFO - DocumentProcessor initialized
2025-09-21 19:21:26,202 - documentor.processing.processors.document_processor - INFO - Processing file: test_folder\example.jpg
2025-09-21 19:21:26,202 - documentor.processing.loaders.recursive_loader - INFO - Parsing file: test_folder\example.jpg
2025-09-21 19:21:26,203 - documentor.processing.parsers.image_parser - INFO - Parsing image with OCR: test_folder\example.jpg
2025-09-21 19:21:26,209 - documentor.processing.parsers.image_parser - INFO - Image loaded: (1705, 2203), mode: RGB
2025-09-21 19:21:30,367 - httpx - INFO - HTTP Request: POST http://10.32.2.11:8069/v1/chat/completions "HTTP/1.1 200 OK"
2025-09-21 19:21:30,376 - documentor.processing.pipelines.ocr.detector - INFO - Image enlarged: 363x25 -> 464x32
2025-09-21 19:21:30,377 - documentor.processing.pipelines.ocr.detector - INFO - Image enlarged: 899x28 -> 1027x32
2025-09-21 19:21:30,378 - documentor.processing.pipelines.ocr.detector - INFO - Image enlarged: 493x25 -> 631x32
2025-09-21 19:21:31,870 - httpx - INFO - HTTP Request: POST http://10.32.2.11:8070/v1/chat/completions "HTTP/1.1 200 OK"
2025-09-21 19:21:32,058 - httpx - INFO - HTTP Request: POST http://10.32.2.11:8070/v1/chat/completions "HTTP/1.1 200 OK"
2025-09-21 19:21:32,279 - httpx - INFO - HTTP Request: POST http://10.32.2.11:8070/v1/chat/completions "HTTP/1.1 200 OK"
2025-09-21 19:21:32,616 - httpx - INFO - HTTP Request: POST http://10.32.2.11:8070/v1/chat/completions "HTTP/1.1 200 OK"
2025-09-21 19:21:32,720 - httpx - INFO - HTTP Request: POST http://10.32.2.11:8070/v1/chat/completions "HTTP/1.1 200 OK"
2025-09-21 19:21:33,150 - httpx - INFO - HTTP Request: POST http://10.32.2.11:8070/v1/chat/completions "HTTP/1.1 200 OK"
2025-09-21 19:21:33,282 - httpx - INFO - HTTP Request: POST http://10.32.2.11:8070/v1/chat/completions "HTTP/1.1 200 OK"
2025-09-21 19:21:33,451 - httpx - INFO - HTTP Request: POST http://10.32.2.11:8070/v1/chat/completions "HTTP/1.1 200 OK"
2025-09-21 19:21:33,630 - httpx - INFO - HTTP Request: POST http://10.32.2.11:8070/v1/chat/completions "HTTP/1.1 200 OK"
2025-09-21 19:21:34,258 - httpx - INFO - HTTP Request: POST http://10.32.2.11:8070/v1/chat/completions "HTTP/1.1 200 OK"
2025-09-21 19:21:34,523 - httpx - INFO - HTTP Request: POST http://10.32.2.11:8070/v1/chat/completions "HTTP/1.1 200 OK"
2025-09-21 19:21:34,594 - httpx - INFO - HTTP Request: POST http://10.32.2.11:8070/v1/chat/completions "HTTP/1.1 200 OK"
2025-09-21 19:21:36,478 - httpx - INFO - HTTP Request: POST http://10.32.2.11:8070/v1/chat/completions "HTTP/1.1 200 OK"
2025-09-21 19:21:37,134 - httpx - INFO - HTTP Request: POST http://10.32.2.11:8070/v1/chat/completions "HTTP/1.1 200 OK"
2025-09-21 19:21:37,135 - documentor.processing.parsers.image_parser - INFO - OCR processing completed: found 15 fragments
2025-09-21 19:21:37,135 - documentor.processing.processors.document_processor - INFO - File processed: 15 fragments
2025-09-21 19:21:37,137 - documentor.storage.structured_storage - INFO - Saving document doc_20250921_192137_491 from file example.jpg
2025-09-21 19:21:37,165 - documentor.storage.structured_storage - INFO - Saved 1 fragment images
2025-09-21 19:21:37,166 - documentor.storage.structured_storage - INFO - Document doc_20250921_192137_491 successfully saved
2025-09-21 19:21:37,167 - documentor.processing.processors.document_processor - INFO - Processing file: test_folder\example.pdf
2025-09-21 19:21:37,167 - documentor.processing.loaders.recursive_loader - INFO - Parsing file: test_folder\example.pdf
2025-09-21 19:21:37,168 - documentor.processing.parsers.pdf_parser - INFO - Parsing PDF file: test_folder\example.pdf
2025-09-21 19:21:37,169 - documentor.processing.parsers.pdf_parser - INFO - PDF contains 1 pages
2025-09-21 19:21:37,169 - documentor.processing.parsers.pdf_parser - INFO - Processing page 1/1
2025-09-21 19:21:37,171 - documentor.processing.parsers.pdf_parser - INFO - Using OCR for page 1
2025-09-21 19:21:42,543 - httpx - INFO - HTTP Request: POST http://10.32.2.11:8069/v1/chat/completions "HTTP/1.1 200 OK"
2025-09-21 19:21:42,544 - documentor.processing.pipelines.ocr.detector - INFO - Image enlarged: 661x27 -> 783x32
2025-09-21 19:21:42,545 - documentor.processing.pipelines.ocr.detector - INFO - Image enlarged: 455x25 -> 582x32
2025-09-21 19:21:42,545 - documentor.processing.pipelines.ocr.detector - INFO - Image enlarged: 272x27 -> 322x32
2025-09-21 19:21:42,546 - documentor.processing.pipelines.ocr.detector - INFO - Image enlarged: 1452x27 -> 1720x32
2025-09-21 19:21:42,547 - documentor.processing.pipelines.ocr.detector - INFO - Image enlarged: 591x26 -> 727x32
2025-09-21 19:21:42,547 - documentor.processing.pipelines.ocr.detector - INFO - Image enlarged: 361x24 -> 481x32
2025-09-21 19:21:42,548 - documentor.processing.pipelines.ocr.detector - INFO - Image enlarged: 896x26 -> 1102x32
2025-09-21 19:21:42,549 - documentor.processing.pipelines.ocr.detector - INFO - Image enlarged: 490x23 -> 681x32
2025-09-21 19:21:42,967 - httpx - INFO - HTTP Request: POST http://10.32.2.11:8070/v1/chat/completions "HTTP/1.1 200 OK"
2025-09-21 19:21:43,248 - httpx - INFO - HTTP Request: POST http://10.32.2.11:8070/v1/chat/completions "HTTP/1.1 200 OK"
2025-09-21 19:21:43,382 - httpx - INFO - HTTP Request: POST http://10.32.2.11:8070/v1/chat/completions "HTTP/1.1 200 OK"
2025-09-21 19:21:43,763 - httpx - INFO - HTTP Request: POST http://10.32.2.11:8070/v1/chat/completions "HTTP/1.1 200 OK"
2025-09-21 19:21:44,183 - httpx - INFO - HTTP Request: POST http://10.32.2.11:8070/v1/chat/completions "HTTP/1.1 200 OK"
2025-09-21 19:21:44,417 - httpx - INFO - HTTP Request: POST http://10.32.2.11:8070/v1/chat/completions "HTTP/1.1 200 OK"
2025-09-21 19:21:44,709 - httpx - INFO - HTTP Request: POST http://10.32.2.11:8070/v1/chat/completions "HTTP/1.1 200 OK"
2025-09-21 19:21:45,033 - httpx - INFO - HTTP Request: POST http://10.32.2.11:8070/v1/chat/completions "HTTP/1.1 200 OK"
2025-09-21 19:21:45,124 - httpx - INFO - HTTP Request: POST http://10.32.2.11:8070/v1/chat/completions "HTTP/1.1 200 OK"
2025-09-21 19:21:45,577 - httpx - INFO - HTTP Request: POST http://10.32.2.11:8070/v1/chat/completions "HTTP/1.1 200 OK"
2025-09-21 19:21:45,839 - httpx - INFO - HTTP Request: POST http://10.32.2.11:8070/v1/chat/completions "HTTP/1.1 200 OK"
2025-09-21 19:21:46,108 - httpx - INFO - HTTP Request: POST http://10.32.2.11:8070/v1/chat/completions "HTTP/1.1 200 OK"
2025-09-21 19:21:46,282 - httpx - INFO - HTTP Request: POST http://10.32.2.11:8070/v1/chat/completions "HTTP/1.1 200 OK"
2025-09-21 19:21:46,882 - httpx - INFO - HTTP Request: POST http://10.32.2.11:8070/v1/chat/completions "HTTP/1.1 200 OK"
2025-09-21 19:21:47,143 - httpx - INFO - HTTP Request: POST http://10.32.2.11:8070/v1/chat/completions "HTTP/1.1 200 OK"
2025-09-21 19:21:47,206 - httpx - INFO - HTTP Request: POST http://10.32.2.11:8070/v1/chat/completions "HTTP/1.1 200 OK"
2025-09-21 19:21:49,661 - httpx - INFO - HTTP Request: POST http://10.32.2.11:8070/v1/chat/completions "HTTP/1.1 200 OK"
2025-09-21 19:21:50,296 - httpx - INFO - HTTP Request: POST http://10.32.2.11:8070/v1/chat/completions "HTTP/1.1 200 OK"
2025-09-21 19:21:50,298 - documentor.processing.parsers.pdf_parser - INFO - Created 19 fragments from 1 pages
2025-09-21 19:21:50,298 - documentor.processing.processors.document_processor - INFO - File processed: 19 fragments
2025-09-21 19:21:50,300 - documentor.storage.structured_storage - INFO - Saving document doc_20250921_192150_600 from file example.pdf
2025-09-21 19:21:50,330 - documentor.storage.structured_storage - INFO - Saved 1 fragment images
2025-09-21 19:21:50,331 - documentor.storage.structured_storage - INFO - Document doc_20250921_192150_600 successfully saved
2025-09-21 19:21:50,331 - documentor.processing.processors.document_processor - INFO - Processing file: test_folder\sample1.doc
2025-09-21 19:21:50,331 - documentor.processing.loaders.recursive_loader - INFO - Parsing file: test_folder\sample1.doc
2025-09-21 19:21:50,331 - documentor.processing.parsers.doc_parser - INFO - Parsing DOC file with conversion: test_folder\sample1.doc
2025-09-21 19:21:50,332 - documentor.processing.parsers.word_com_converter - INFO - Converting DOC to DOCX using Word COM: test_folder\sample1.doc
2025-09-21 19:21:51,172 - documentor.processing.parsers.word_com_converter - INFO - Successfully converted DOC to DOCX: C:\Users\alexh\AppData\Local\Temp\documentor_word_com_17052\sample1.docx
2025-09-21 19:21:51,603 - documentor.processing.parsers.docx_parser - INFO - Parsing DOCX file: C:\Users\alexh\AppData\Local\Temp\documentor_word_com_17052\sample1.docx
2025-09-21 19:21:51,610 - documentor.processing.parsers.docx_parser - INFO - Loaded 0 image relationships
2025-09-21 19:21:51,845 - documentor.processing.parsers.docx_parser - INFO - Document processing complete. Total image counter: 0
2025-09-21 19:21:51,846 - documentor.processing.parsers.docx_parser - INFO - Searching for TOC fields in document
2025-09-21 19:21:51,911 - documentor.processing.parsers.docx_parser - WARNING - No TOC fields found in document
2025-09-21 19:21:51,912 - documentor.processing.parsers.docx_parser - WARNING - No TOC entries found
2025-09-21 19:21:51,913 - documentor.processing.parsers.docx_parser - INFO - Looking for image-caption links in 517 fragments
2025-09-21 19:21:51,913 - documentor.processing.parsers.docx_parser - INFO - Caption linking complete. Found 0 total captions, 0 images in document order
2025-09-21 19:21:51,914 - documentor.processing.parsers.docx_parser - INFO - Extracted 517 fragments, 4104 words, 0 images in document order
2025-09-21 19:21:51,915 - documentor.processing.parsers.doc_parser - INFO - Successfully parsed DOC file via conversion: 517 fragments
2025-09-21 19:21:51,916 - documentor.processing.processors.document_processor - INFO - File processed: 517 fragments
2025-09-21 19:21:51,917 - documentor.storage.structured_storage - INFO - Saving document doc_20250921_192151_672 from file sample1.doc
2025-09-21 19:21:51,940 - documentor.storage.structured_storage - INFO - No fragment images found for saving
2025-09-21 19:21:51,941 - documentor.storage.structured_storage - INFO - Document doc_20250921_192151_672 successfully saved
2025-09-21 19:21:51,942 - documentor.processing.processors.document_processor - INFO - Processing file: test_folder\sample1.docx
2025-09-21 19:21:51,942 - documentor.processing.loaders.recursive_loader - INFO - Parsing file: test_folder\sample1.docx
2025-09-21 19:21:51,942 - documentor.processing.parsers.docx_parser - INFO - Parsing DOCX file: test_folder\sample1.docx
2025-09-21 19:21:51,956 - documentor.processing.parsers.docx_parser - INFO - Found image: rId12 -> media/image4.png
2025-09-21 19:21:51,956 - documentor.processing.parsers.docx_parser - INFO - Found image: rId11 -> media/image3.png
2025-09-21 19:21:51,956 - documentor.processing.parsers.docx_parser - INFO - Found image: rId10 -> media/image2.png
2025-09-21 19:21:51,957 - documentor.processing.parsers.docx_parser - INFO - Loaded 3 image relationships
2025-09-21 19:21:52,000 - documentor.processing.parsers.docx_parser - INFO - Paragraph 57: found 4 images
2025-09-21 19:21:52,001 - documentor.processing.parsers.docx_parser - INFO - Extracted DrawingML image 1
2025-09-21 19:21:52,002 - documentor.processing.parsers.docx_parser - INFO - Extracted DrawingML image 2
2025-09-21 19:21:52,005 - documentor.processing.parsers.docx_parser - INFO - Paragraph 59: found 4 images
2025-09-21 19:21:52,006 - documentor.processing.parsers.docx_parser - INFO - Extracted DrawingML image 3
2025-09-21 19:21:52,024 - documentor.processing.parsers.docx_parser - INFO - Processing table with 6 rows for images
2025-09-21 19:21:52,035 - documentor.processing.parsers.docx_parser - INFO - Processing table with 6 rows for images
2025-09-21 19:21:52,060 - documentor.processing.parsers.docx_parser - INFO - Processing table with 8 rows for images
2025-09-21 19:21:52,079 - documentor.processing.parsers.docx_parser - INFO - Processing table with 1 rows for images
2025-09-21 19:21:52,081 - documentor.processing.parsers.docx_parser - INFO - Processing table with 13 rows for images
2025-09-21 19:21:52,141 - documentor.processing.parsers.docx_parser - INFO - Document processing complete. Total image counter: 3
2025-09-21 19:21:52,141 - documentor.processing.parsers.docx_parser - INFO - Searching for TOC fields in document
2025-09-21 19:21:52,151 - documentor.processing.parsers.docx_parser - INFO - Found TOC hyperlink in paragraph 32: paragraph level formatting -> _Paragraph_level_formatting
2025-09-21 19:21:52,152 - documentor.processing.parsers.docx_parser - INFO - Found TOC field code in paragraph 37:  TOC \o "1-3" \h \z \u 
2025-09-21 19:21:52,152 - documentor.processing.parsers.docx_parser - INFO - Created TOC field fragment: Demonstration of DOCX support in calibre	1
2025-09-21 19:21:52,153 - documentor.processing.parsers.docx_parser - INFO - Found TOC by style in paragraph 37: toc 1 -> Demonstration of DOCX support in calibre	1
2025-09-21 19:21:52,154 - documentor.processing.parsers.docx_parser - INFO - Found TOC hyperlink in paragraph 37: Demonstration of DOCX support in calibre1 -> _Toc359077851
2025-09-21 19:21:52,154 - documentor.processing.parsers.docx_parser - INFO - Found TOC result text at paragraph 38: Text Formatting	2
2025-09-21 19:21:52,155 - documentor.processing.parsers.docx_parser - INFO - Found TOC by style in paragraph 38: toc 1 -> Text Formatting	2
2025-09-21 19:21:52,155 - documentor.processing.parsers.docx_parser - INFO - Found TOC hyperlink in paragraph 38: Text Formatting2 -> _Toc359077852
2025-09-21 19:21:52,156 - documentor.processing.parsers.docx_parser - INFO - Found TOC result text at paragraph 39: Inline formatting	2
2025-09-21 19:21:52,156 - documentor.processing.parsers.docx_parser - INFO - Found TOC by style in paragraph 39: toc 2 -> Inline formatting	2
2025-09-21 19:21:52,157 - documentor.processing.parsers.docx_parser - INFO - Found TOC hyperlink in paragraph 39: Inline formatting2 -> _Toc359077853
2025-09-21 19:21:52,157 - documentor.processing.parsers.docx_parser - INFO - Found TOC result text at paragraph 40: Fun with fonts	2
2025-09-21 19:21:52,158 - documentor.processing.parsers.docx_parser - INFO - Found TOC by style in paragraph 40: toc 2 -> Fun with fonts	2
2025-09-21 19:21:52,158 - documentor.processing.parsers.docx_parser - INFO - Found TOC hyperlink in paragraph 40: Fun with fonts2 -> _Toc359077854
2025-09-21 19:21:52,159 - documentor.processing.parsers.docx_parser - INFO - Found TOC result text at paragraph 41: Paragraph level formatting	2
2025-09-21 19:21:52,159 - documentor.processing.parsers.docx_parser - INFO - Found TOC by style in paragraph 41: toc 2 -> Paragraph level formatting	2
2025-09-21 19:21:52,160 - documentor.processing.parsers.docx_parser - INFO - Found TOC hyperlink in paragraph 41: Paragraph level formatting2 -> _Toc359077855
2025-09-21 19:21:52,160 - documentor.processing.parsers.docx_parser - INFO - Found TOC result text at paragraph 42: Tables	3
2025-09-21 19:21:52,161 - documentor.processing.parsers.docx_parser - INFO - Found TOC by style in paragraph 42: toc 1 -> Tables	3
2025-09-21 19:21:52,162 - documentor.processing.parsers.docx_parser - INFO - Found TOC hyperlink in paragraph 42: Tables3 -> _Toc359077856
2025-09-21 19:21:52,162 - documentor.processing.parsers.docx_parser - INFO - Found TOC result text at paragraph 43: Structural Elements	5
2025-09-21 19:21:52,163 - documentor.processing.parsers.docx_parser - INFO - Found TOC by style in paragraph 43: toc 1 -> Structural Elements	5
2025-09-21 19:21:52,163 - documentor.processing.parsers.docx_parser - INFO - Found TOC hyperlink in paragraph 43: Structural Elements5 -> _Toc359077857
2025-09-21 19:21:52,164 - documentor.processing.parsers.docx_parser - INFO - Found TOC result text at paragraph 44: Footnotes & Endnotes	5
2025-09-21 19:21:52,164 - documentor.processing.parsers.docx_parser - INFO - Found TOC by style in paragraph 44: toc 2 -> Footnotes & Endnotes	5
2025-09-21 19:21:52,165 - documentor.processing.parsers.docx_parser - INFO - Found TOC hyperlink in paragraph 44: Footnotes & Endnotes5 -> _Toc359077858
2025-09-21 19:21:52,165 - documentor.processing.parsers.docx_parser - INFO - Found TOC result text at paragraph 45: Dropcaps	5
2025-09-21 19:21:52,166 - documentor.processing.parsers.docx_parser - INFO - Found TOC by style in paragraph 45: toc 2 -> Dropcaps	5
2025-09-21 19:21:52,166 - documentor.processing.parsers.docx_parser - INFO - Found TOC hyperlink in paragraph 45: Dropcaps5 -> _Toc359077859
2025-09-21 19:21:52,167 - documentor.processing.parsers.docx_parser - INFO - Found TOC result text at paragraph 46: Links	5
2025-09-21 19:21:52,168 - documentor.processing.parsers.docx_parser - INFO - Found TOC by style in paragraph 46: toc 2 -> Links	5
2025-09-21 19:21:52,168 - documentor.processing.parsers.docx_parser - INFO - Found TOC hyperlink in paragraph 46: Links5 -> _Toc359077860
2025-09-21 19:21:52,168 - documentor.processing.parsers.docx_parser - INFO - Found TOC result text at paragraph 47: Table of Contents	5
2025-09-21 19:21:52,169 - documentor.processing.parsers.docx_parser - INFO - Found TOC by style in paragraph 47: toc 2 -> Table of Contents	5
2025-09-21 19:21:52,169 - documentor.processing.parsers.docx_parser - INFO - Found TOC hyperlink in paragraph 47: Table of Contents5 -> _Toc359077861
2025-09-21 19:21:52,170 - documentor.processing.parsers.docx_parser - INFO - Found TOC result text at paragraph 48: Images	7
2025-09-21 19:21:52,171 - documentor.processing.parsers.docx_parser - INFO - Found TOC by style in paragraph 48: toc 1 -> Images	7
2025-09-21 19:21:52,171 - documentor.processing.parsers.docx_parser - INFO - Found TOC hyperlink in paragraph 48: Images7 -> _Toc359077862
2025-09-21 19:21:52,172 - documentor.processing.parsers.docx_parser - INFO - Found TOC result text at paragraph 49: Lists	8
2025-09-21 19:21:52,172 - documentor.processing.parsers.docx_parser - INFO - Found TOC by style in paragraph 49: toc 1 -> Lists	8
2025-09-21 19:21:52,173 - documentor.processing.parsers.docx_parser - INFO - Found TOC hyperlink in paragraph 49: Lists8 -> _Toc359077863
2025-09-21 19:21:52,173 - documentor.processing.parsers.docx_parser - INFO - Found TOC result text at paragraph 50: Bulleted List	8
2025-09-21 19:21:52,174 - documentor.processing.parsers.docx_parser - INFO - Found TOC by style in paragraph 50: toc 2 -> Bulleted List	8
2025-09-21 19:21:52,174 - documentor.processing.parsers.docx_parser - INFO - Found TOC hyperlink in paragraph 50: Bulleted List8 -> _Toc359077864
2025-09-21 19:21:52,175 - documentor.processing.parsers.docx_parser - INFO - Found TOC result text at paragraph 51: Numbered List	8
2025-09-21 19:21:52,176 - documentor.processing.parsers.docx_parser - INFO - Found TOC by style in paragraph 51: toc 2 -> Numbered List	8
2025-09-21 19:21:52,176 - documentor.processing.parsers.docx_parser - INFO - Found TOC hyperlink in paragraph 51: Numbered List8 -> _Toc359077865
2025-09-21 19:21:52,176 - documentor.processing.parsers.docx_parser - INFO - Found TOC result text at paragraph 52: Multi-level Lists	8
2025-09-21 19:21:52,177 - documentor.processing.parsers.docx_parser - INFO - Found TOC by style in paragraph 52: toc 2 -> Multi-level Lists	8
2025-09-21 19:21:52,178 - documentor.processing.parsers.docx_parser - INFO - Found TOC hyperlink in paragraph 52: Multi-level Lists8 -> _Toc359077866
2025-09-21 19:21:52,178 - documentor.processing.parsers.docx_parser - INFO - Found TOC result text at paragraph 53: Continued Lists	8
2025-09-21 19:21:52,179 - documentor.processing.parsers.docx_parser - INFO - Found TOC by style in paragraph 53: toc 2 -> Continued Lists	8
2025-09-21 19:21:52,179 - documentor.processing.parsers.docx_parser - INFO - Found TOC hyperlink in paragraph 53: Continued Lists8 -> _Toc359077867
2025-09-21 19:21:52,188 - documentor.processing.parsers.docx_parser - WARNING - No TOC entries found
2025-09-21 19:21:52,188 - documentor.processing.parsers.docx_parser - INFO - Looking for image-caption links in 260 fragments
2025-09-21 19:21:52,188 - documentor.processing.parsers.docx_parser - INFO - Found image fragment at index 52
2025-09-21 19:21:52,189 - documentor.processing.parsers.docx_parser - INFO - Found image fragment at index 53
2025-09-21 19:21:52,189 - documentor.processing.parsers.docx_parser - INFO - Found image fragment at index 56
2025-09-21 19:21:52,189 - documentor.processing.parsers.docx_parser - INFO - Looking for caption near image at position 52
2025-09-21 19:21:52,189 - documentor.processing.parsers.docx_parser - WARNING - No caption found near image at position 52
2025-09-21 19:21:52,190 - documentor.processing.parsers.docx_parser - INFO - Looking for caption near image at position 53
2025-09-21 19:21:52,190 - documentor.processing.parsers.docx_parser - WARNING - No caption found near image at position 53
2025-09-21 19:21:52,190 - documentor.processing.parsers.docx_parser - INFO - Looking for caption near image at position 56
2025-09-21 19:21:52,190 - documentor.processing.parsers.docx_parser - WARNING - No caption found near image at position 56
2025-09-21 19:21:52,191 - documentor.processing.parsers.docx_parser - INFO - Caption linking complete. Found 0 total captions, 3 images in document order
2025-09-21 19:21:52,191 - documentor.processing.parsers.docx_parser - INFO - Extracted 260 fragments, 1727 words, 3 images in document order
2025-09-21 19:21:52,192 - documentor.processing.processors.document_processor - INFO - File processed: 260 fragments
2025-09-21 19:21:52,194 - documentor.storage.structured_storage - INFO - Saving document doc_20250921_192152_047 from file sample1.docx
2025-09-21 19:21:52,212 - documentor.storage.structured_storage - INFO - Saved 3 fragment images
2025-09-21 19:21:52,213 - documentor.storage.structured_storage - INFO - Document doc_20250921_192152_047 successfully saved
2025-09-21 19:21:52,213 - documentor.processing.processors.document_processor - INFO - Processing file: test_folder\sample2.doc
2025-09-21 19:21:52,214 - documentor.processing.loaders.recursive_loader - INFO - Parsing file: test_folder\sample2.doc
2025-09-21 19:21:52,214 - documentor.processing.parsers.doc_parser - INFO - Parsing DOC file with conversion: test_folder\sample2.doc
2025-09-21 19:21:52,215 - documentor.processing.parsers.word_com_converter - INFO - Converting DOC to DOCX using Word COM: test_folder\sample2.doc
2025-09-21 19:21:53,004 - documentor.processing.parsers.word_com_converter - INFO - Successfully converted DOC to DOCX: C:\Users\alexh\AppData\Local\Temp\documentor_word_com_17052\sample2.docx
2025-09-21 19:21:53,426 - documentor.processing.parsers.docx_parser - INFO - Parsing DOCX file: C:\Users\alexh\AppData\Local\Temp\documentor_word_com_17052\sample2.docx
2025-09-21 19:21:53,429 - documentor.processing.parsers.docx_parser - INFO - Found image: rId6 -> media/image2.wmf
2025-09-21 19:21:53,429 - documentor.processing.parsers.docx_parser - INFO - Found image: rId5 -> media/image1.png
2025-09-21 19:21:53,430 - documentor.processing.parsers.docx_parser - INFO - Loaded 2 image relationships
2025-09-21 19:21:53,442 - documentor.processing.parsers.docx_parser - INFO - Paragraph 25: found 1 images
2025-09-21 19:21:53,442 - documentor.processing.parsers.docx_parser - INFO - Extracted VML image 1
2025-09-21 19:21:53,444 - documentor.processing.parsers.docx_parser - INFO - Paragraph 30: found 1 images
2025-09-21 19:21:53,444 - documentor.processing.parsers.docx_parser - WARNING - Error processing paragraph in document order: Undefined namespace prefix
2025-09-21 19:21:53,446 - documentor.processing.parsers.docx_parser - INFO - Processing table with 4 rows for images
2025-09-21 19:21:53,455 - documentor.processing.parsers.docx_parser - INFO - Document processing complete. Total image counter: 1
2025-09-21 19:21:53,456 - documentor.processing.parsers.docx_parser - INFO - Searching for TOC fields in document
2025-09-21 19:21:53,462 - documentor.processing.parsers.docx_parser - WARNING - No TOC fields found in document
2025-09-21 19:21:53,462 - documentor.processing.parsers.docx_parser - WARNING - No TOC entries found
2025-09-21 19:21:53,462 - documentor.processing.parsers.docx_parser - INFO - Looking for image-caption links in 44 fragments
2025-09-21 19:21:53,463 - documentor.processing.parsers.docx_parser - INFO - Found image fragment at index 21
2025-09-21 19:21:53,463 - documentor.processing.parsers.docx_parser - INFO - Looking for caption near image at position 21
2025-09-21 19:21:53,463 - documentor.processing.parsers.docx_parser - WARNING - No caption found near image at position 21
2025-09-21 19:21:53,463 - documentor.processing.parsers.docx_parser - INFO - Caption linking complete. Found 0 total captions, 1 images in document order
2025-09-21 19:21:53,463 - documentor.processing.parsers.docx_parser - INFO - Extracted 44 fragments, 236 words, 1 images in document order
2025-09-21 19:21:53,464 - documentor.processing.parsers.doc_parser - INFO - Successfully parsed DOC file via conversion: 44 fragments
2025-09-21 19:21:53,465 - documentor.processing.processors.document_processor - INFO - File processed: 44 fragments
2025-09-21 19:21:53,466 - documentor.storage.structured_storage - INFO - Saving document doc_20250921_192153_812 from file sample2.doc
2025-09-21 19:21:53,471 - documentor.storage.structured_storage - INFO - Saved 1 fragment images
2025-09-21 19:21:53,473 - documentor.storage.structured_storage - INFO - Document doc_20250921_192153_812 successfully saved
2025-09-21 19:21:53,473 - documentor.processing.processors.document_processor - INFO - Processing file: test_folder\sample2.docx
2025-09-21 19:21:53,473 - documentor.processing.loaders.recursive_loader - INFO - Parsing file: test_folder\sample2.docx
2025-09-21 19:21:53,473 - documentor.processing.parsers.docx_parser - INFO - Parsing DOCX file: test_folder\sample2.docx
2025-09-21 19:21:53,475 - documentor.processing.parsers.docx_parser - INFO - Found image: rId4 -> media/image1.jpeg
2025-09-21 19:21:53,475 - documentor.processing.parsers.docx_parser - INFO - Loaded 1 image relationships
2025-09-21 19:21:53,479 - documentor.processing.parsers.docx_parser - INFO - Paragraph 4: found 2 images
2025-09-21 19:21:53,482 - documentor.processing.parsers.docx_parser - INFO - Extracted DrawingML image 1
2025-09-21 19:21:53,484 - documentor.processing.parsers.docx_parser - INFO - Document processing complete. Total image counter: 1
2025-09-21 19:21:53,484 - documentor.processing.parsers.docx_parser - INFO - Searching for TOC fields in document
2025-09-21 19:21:53,485 - documentor.processing.parsers.docx_parser - WARNING - No TOC fields found in document
2025-09-21 19:21:53,486 - documentor.processing.parsers.docx_parser - WARNING - No TOC entries found
2025-09-21 19:21:53,486 - documentor.processing.parsers.docx_parser - INFO - Looking for image-caption links in 5 fragments
2025-09-21 19:21:53,486 - documentor.processing.parsers.docx_parser - INFO - Found image fragment at index 4
2025-09-21 19:21:53,486 - documentor.processing.parsers.docx_parser - INFO - Looking for caption near image at position 4
2025-09-21 19:21:53,486 - documentor.processing.parsers.docx_parser - WARNING - No caption found near image at position 4
2025-09-21 19:21:53,487 - documentor.processing.parsers.docx_parser - INFO - Caption linking complete. Found 0 total captions, 1 images in document order
2025-09-21 19:21:53,487 - documentor.processing.parsers.docx_parser - INFO - Extracted 5 fragments, 77 words, 1 images in document order
2025-09-21 19:21:53,487 - documentor.processing.processors.document_processor - INFO - File processed: 5 fragments
2025-09-21 19:21:53,488 - documentor.storage.structured_storage - INFO - Saving document doc_20250921_192153_783 from file sample2.docx
2025-09-21 19:21:53,528 - documentor.storage.structured_storage - INFO - Saved 1 fragment images
2025-09-21 19:21:53,530 - documentor.storage.structured_storage - INFO - Document doc_20250921_192153_783 successfully saved
2025-09-21 19:21:53,530 - documentor.processing.processors.document_processor - INFO - Processing file: test_folder\sample3.docx
2025-09-21 19:21:53,531 - documentor.processing.loaders.recursive_loader - INFO - Parsing file: test_folder\sample3.docx
2025-09-21 19:21:53,532 - documentor.processing.parsers.docx_parser - INFO - Parsing DOCX file: test_folder\sample3.docx
2025-09-21 19:21:53,534 - documentor.processing.parsers.docx_parser - INFO - Found image: rId8 -> media/image1.gif
2025-09-21 19:21:53,534 - documentor.processing.parsers.docx_parser - INFO - Found image: rId9 -> media/image2.png
2025-09-21 19:21:53,535 - documentor.processing.parsers.docx_parser - INFO - Loaded 2 image relationships
2025-09-21 19:21:53,544 - documentor.processing.parsers.docx_parser - INFO - Paragraph 18: found 2 images
2025-09-21 19:21:53,545 - documentor.processing.parsers.docx_parser - INFO - Extracted DrawingML image 1
2025-09-21 19:21:53,547 - documentor.processing.parsers.docx_parser - INFO - Paragraph 21: found 2 images
2025-09-21 19:21:53,548 - documentor.processing.parsers.docx_parser - INFO - Extracted DrawingML image 2
2025-09-21 19:21:53,553 - documentor.processing.parsers.docx_parser - INFO - Processing table with 6 rows for images
2025-09-21 19:21:53,562 - documentor.processing.parsers.docx_parser - INFO - Processing table with 7 rows for images
2025-09-21 19:21:53,581 - documentor.processing.parsers.docx_parser - INFO - Document processing complete. Total image counter: 2
2025-09-21 19:21:53,583 - documentor.processing.parsers.docx_parser - INFO - Searching for TOC fields in document
2025-09-21 19:21:53,586 - documentor.processing.parsers.docx_parser - INFO - Found TOC hyperlink in paragraph 16: Top of this Page -> _top
2025-09-21 19:21:53,589 - documentor.processing.parsers.docx_parser - WARNING - No TOC entries found
2025-09-21 19:21:53,590 - documentor.processing.parsers.docx_parser - INFO - Looking for image-caption links in 83 fragments
2025-09-21 19:21:53,590 - documentor.processing.parsers.docx_parser - INFO - Found image fragment at index 18
2025-09-21 19:21:53,590 - documentor.processing.parsers.docx_parser - INFO - Found image fragment at index 21
2025-09-21 19:21:53,590 - documentor.processing.parsers.docx_parser - INFO - Looking for caption near image at position 18
2025-09-21 19:21:53,591 - documentor.processing.parsers.docx_parser - WARNING - No caption found near image at position 18
2025-09-21 19:21:53,591 - documentor.processing.parsers.docx_parser - INFO - Looking for caption near image at position 21
2025-09-21 19:21:53,591 - documentor.processing.parsers.docx_parser - WARNING - No caption found near image at position 21
2025-09-21 19:21:53,591 - documentor.processing.parsers.docx_parser - INFO - Caption linking complete. Found 0 total captions, 2 images in document order
2025-09-21 19:21:53,592 - documentor.processing.parsers.docx_parser - INFO - Extracted 83 fragments, 441 words, 2 images in document order
2025-09-21 19:21:53,592 - documentor.processing.processors.document_processor - INFO - File processed: 83 fragments
2025-09-21 19:21:53,593 - documentor.storage.structured_storage - INFO - Saving document doc_20250921_192153_012 from file sample3.docx
2025-09-21 19:21:53,601 - documentor.storage.structured_storage - INFO - Saved 2 fragment images
2025-09-21 19:21:53,602 - documentor.storage.structured_storage - INFO - Document doc_20250921_192153_012 successfully saved
2025-09-21 19:21:53,602 - documentor.processing.processors.document_processor - INFO - Processing file: test_folder\sample4.docx
2025-09-21 19:21:53,603 - documentor.processing.loaders.recursive_loader - INFO - Parsing file: test_folder\sample4.docx
2025-09-21 19:21:53,603 - documentor.processing.parsers.docx_parser - INFO - Parsing DOCX file: test_folder\sample4.docx
2025-09-21 19:21:53,616 - documentor.processing.parsers.docx_parser - INFO - Found image: rId13 -> media/image10.JPG
2025-09-21 19:21:53,617 - documentor.processing.parsers.docx_parser - INFO - Found image: rId18 -> media/image15.jpeg
2025-09-21 19:21:53,617 - documentor.processing.parsers.docx_parser - INFO - Found image: rId26 -> media/image23.jpg
2025-09-21 19:21:53,617 - documentor.processing.parsers.docx_parser - INFO - Found image: rId39 -> media/image36.jpeg
2025-09-21 19:21:53,617 - documentor.processing.parsers.docx_parser - INFO - Found image: rId21 -> media/image18.jpeg
2025-09-21 19:21:53,617 - documentor.processing.parsers.docx_parser - INFO - Found image: rId34 -> media/image31.jpeg
2025-09-21 19:21:53,618 - documentor.processing.parsers.docx_parser - INFO - Found image: rId42 -> media/image39.jpeg
2025-09-21 19:21:53,618 - documentor.processing.parsers.docx_parser - INFO - Found image: rId47 -> media/image44.jpeg
2025-09-21 19:21:53,618 - documentor.processing.parsers.docx_parser - INFO - Found image: rId50 -> media/image47.jpeg
2025-09-21 19:21:53,618 - documentor.processing.parsers.docx_parser - INFO - Found image: rId7 -> media/image4.JPG
2025-09-21 19:21:53,618 - documentor.processing.parsers.docx_parser - INFO - Found image: rId16 -> media/image13.jpeg
2025-09-21 19:21:53,619 - documentor.processing.parsers.docx_parser - INFO - Found image: rId29 -> media/image26.jpeg
2025-09-21 19:21:53,619 - documentor.processing.parsers.docx_parser - INFO - Found image: rId11 -> media/image8.jpeg
2025-09-21 19:21:53,619 - documentor.processing.parsers.docx_parser - INFO - Found image: rId24 -> media/image21.jpeg
2025-09-21 19:21:53,619 - documentor.processing.parsers.docx_parser - INFO - Found image: rId32 -> media/image29.jpeg
2025-09-21 19:21:53,619 - documentor.processing.parsers.docx_parser - INFO - Found image: rId37 -> media/image34.jpeg
2025-09-21 19:21:53,619 - documentor.processing.parsers.docx_parser - INFO - Found image: rId40 -> media/image37.jpeg
2025-09-21 19:21:53,620 - documentor.processing.parsers.docx_parser - INFO - Found image: rId45 -> media/image42.jpeg
2025-09-21 19:21:53,620 - documentor.processing.parsers.docx_parser - INFO - Found image: rId5 -> media/image2.gif
2025-09-21 19:21:53,620 - documentor.processing.parsers.docx_parser - INFO - Found image: rId10 -> media/image7.jpeg
2025-09-21 19:21:53,620 - documentor.processing.parsers.docx_parser - INFO - Found image: rId19 -> media/image16.jpeg
2025-09-21 19:21:53,620 - documentor.processing.parsers.docx_parser - INFO - Found image: rId31 -> media/image28.jpeg
2025-09-21 19:21:53,621 - documentor.processing.parsers.docx_parser - INFO - Found image: rId44 -> media/image41.JPG
2025-09-21 19:21:53,621 - documentor.processing.parsers.docx_parser - INFO - Found image: rId4 -> media/image1.png
2025-09-21 19:21:53,621 - documentor.processing.parsers.docx_parser - INFO - Found image: rId9 -> media/image6.jpeg
2025-09-21 19:21:53,621 - documentor.processing.parsers.docx_parser - INFO - Found image: rId14 -> media/image11.jpeg
2025-09-21 19:21:53,621 - documentor.processing.parsers.docx_parser - INFO - Found image: rId22 -> media/image19.jpeg
2025-09-21 19:21:53,622 - documentor.processing.parsers.docx_parser - INFO - Found image: rId27 -> media/image24.jpeg
2025-09-21 19:21:53,622 - documentor.processing.parsers.docx_parser - INFO - Found image: rId30 -> media/image27.jpeg
2025-09-21 19:21:53,622 - documentor.processing.parsers.docx_parser - INFO - Found image: rId35 -> media/image32.jpeg
2025-09-21 19:21:53,623 - documentor.processing.parsers.docx_parser - INFO - Found image: rId43 -> media/image40.JPG
2025-09-21 19:21:53,623 - documentor.processing.parsers.docx_parser - INFO - Found image: rId48 -> media/image45.jpeg
2025-09-21 19:21:53,623 - documentor.processing.parsers.docx_parser - INFO - Found image: rId8 -> media/image5.PNG
2025-09-21 19:21:53,623 - documentor.processing.parsers.docx_parser - INFO - Found image: rId12 -> media/image9.jpeg
2025-09-21 19:21:53,624 - documentor.processing.parsers.docx_parser - INFO - Found image: rId17 -> media/image14.jpeg
2025-09-21 19:21:53,624 - documentor.processing.parsers.docx_parser - INFO - Found image: rId25 -> media/image22.jpeg
2025-09-21 19:21:53,624 - documentor.processing.parsers.docx_parser - INFO - Found image: rId33 -> media/image30.jpeg
2025-09-21 19:21:53,624 - documentor.processing.parsers.docx_parser - INFO - Found image: rId38 -> media/image35.jpeg
2025-09-21 19:21:53,625 - documentor.processing.parsers.docx_parser - INFO - Found image: rId46 -> media/image43.jpeg
2025-09-21 19:21:53,625 - documentor.processing.parsers.docx_parser - INFO - Found image: rId20 -> media/image17.jpeg
2025-09-21 19:21:53,625 - documentor.processing.parsers.docx_parser - INFO - Found image: rId41 -> media/image38.JPG
2025-09-21 19:21:53,625 - documentor.processing.parsers.docx_parser - INFO - Found image: rId6 -> media/image3.jpeg
2025-09-21 19:21:53,626 - documentor.processing.parsers.docx_parser - INFO - Found image: rId15 -> media/image12.jpeg
2025-09-21 19:21:53,626 - documentor.processing.parsers.docx_parser - INFO - Found image: rId23 -> media/image20.jpeg
2025-09-21 19:21:53,626 - documentor.processing.parsers.docx_parser - INFO - Found image: rId28 -> media/image25.jpeg
2025-09-21 19:21:53,627 - documentor.processing.parsers.docx_parser - INFO - Found image: rId36 -> media/image33.jpeg
2025-09-21 19:21:53,627 - documentor.processing.parsers.docx_parser - INFO - Found image: rId49 -> media/image46.jpeg
2025-09-21 19:21:53,627 - documentor.processing.parsers.docx_parser - INFO - Loaded 47 image relationships
2025-09-21 19:21:53,628 - documentor.processing.parsers.docx_parser - INFO - Paragraph 1: found 2 images
2025-09-21 19:21:53,632 - documentor.processing.parsers.docx_parser - INFO - Extracted DrawingML image 1
2025-09-21 19:21:53,637 - documentor.processing.parsers.docx_parser - INFO - Paragraph 4: found 2 images
2025-09-21 19:21:53,638 - documentor.processing.parsers.docx_parser - INFO - Extracted DrawingML image 2
2025-09-21 19:21:53,641 - documentor.processing.parsers.docx_parser - INFO - Paragraph 8: found 2 images
2025-09-21 19:21:53,642 - documentor.processing.parsers.docx_parser - INFO - Extracted DrawingML image 3
2025-09-21 19:21:53,648 - documentor.processing.parsers.docx_parser - INFO - Paragraph 18: found 2 images
2025-09-21 19:21:53,653 - documentor.processing.parsers.docx_parser - INFO - Extracted DrawingML image 4
2025-09-21 19:21:53,661 - documentor.processing.parsers.docx_parser - INFO - Paragraph 27: found 2 images
2025-09-21 19:21:53,662 - documentor.processing.parsers.docx_parser - INFO - Extracted DrawingML image 5
2025-09-21 19:21:53,665 - documentor.processing.parsers.docx_parser - INFO - Paragraph 32: found 2 images
2025-09-21 19:21:53,668 - documentor.processing.parsers.docx_parser - INFO - Extracted DrawingML image 6
2025-09-21 19:21:53,674 - documentor.processing.parsers.docx_parser - INFO - Paragraph 39: found 2 images
2025-09-21 19:21:53,676 - documentor.processing.parsers.docx_parser - INFO - Extracted DrawingML image 7
2025-09-21 19:21:53,682 - documentor.processing.parsers.docx_parser - INFO - Paragraph 48: found 2 images
2025-09-21 19:21:53,685 - documentor.processing.parsers.docx_parser - INFO - Extracted DrawingML image 8
2025-09-21 19:21:53,689 - documentor.processing.parsers.docx_parser - INFO - Paragraph 52: found 2 images
2025-09-21 19:21:53,692 - documentor.processing.parsers.docx_parser - INFO - Extracted DrawingML image 9
2025-09-21 19:21:53,700 - documentor.processing.parsers.docx_parser - INFO - Paragraph 65: found 2 images
2025-09-21 19:21:53,703 - documentor.processing.parsers.docx_parser - INFO - Extracted DrawingML image 10
2025-09-21 19:21:53,706 - documentor.processing.parsers.docx_parser - INFO - Paragraph 69: found 2 images
2025-09-21 19:21:53,710 - documentor.processing.parsers.docx_parser - INFO - Extracted DrawingML image 11
2025-09-21 19:21:53,717 - documentor.processing.parsers.docx_parser - INFO - Paragraph 75: found 2 images
2025-09-21 19:21:53,719 - documentor.processing.parsers.docx_parser - INFO - Extracted DrawingML image 12
2025-09-21 19:21:53,725 - documentor.processing.parsers.docx_parser - INFO - Paragraph 87: found 4 images
2025-09-21 19:21:53,729 - documentor.processing.parsers.docx_parser - INFO - Extracted DrawingML image 13
2025-09-21 19:21:53,735 - documentor.processing.parsers.docx_parser - INFO - Extracted DrawingML image 14
2025-09-21 19:21:53,755 - documentor.processing.parsers.docx_parser - INFO - Paragraph 112: found 2 images
2025-09-21 19:21:53,761 - documentor.processing.parsers.docx_parser - INFO - Extracted DrawingML image 15
2025-09-21 19:21:53,777 - documentor.processing.parsers.docx_parser - INFO - Paragraph 141: found 2 images
2025-09-21 19:21:53,782 - documentor.processing.parsers.docx_parser - INFO - Extracted DrawingML image 16
2025-09-21 19:21:53,803 - documentor.processing.parsers.docx_parser - INFO - Paragraph 180: found 2 images
2025-09-21 19:21:53,809 - documentor.processing.parsers.docx_parser - INFO - Extracted DrawingML image 17
2025-09-21 19:21:53,868 - documentor.processing.parsers.docx_parser - INFO - Paragraph 317: found 10 images
2025-09-21 19:21:53,876 - documentor.processing.parsers.docx_parser - INFO - Extracted DrawingML image 18
2025-09-21 19:21:53,885 - documentor.processing.parsers.docx_parser - INFO - Extracted DrawingML image 19
2025-09-21 19:21:53,894 - documentor.processing.parsers.docx_parser - INFO - Extracted DrawingML image 20
2025-09-21 19:21:53,902 - documentor.processing.parsers.docx_parser - INFO - Extracted DrawingML image 21
2025-09-21 19:21:53,906 - documentor.processing.parsers.docx_parser - INFO - Extracted DrawingML image 22
2025-09-21 19:21:53,943 - documentor.processing.parsers.docx_parser - INFO - Paragraph 323: found 2 images
2025-09-21 19:21:53,947 - documentor.processing.parsers.docx_parser - INFO - Extracted DrawingML image 23
2025-09-21 19:21:53,958 - documentor.processing.parsers.docx_parser - INFO - Paragraph 339: found 2 images
2025-09-21 19:21:53,966 - documentor.processing.parsers.docx_parser - INFO - Extracted DrawingML image 24
2025-09-21 19:21:53,988 - documentor.processing.parsers.docx_parser - INFO - Paragraph 373: found 2 images
2025-09-21 19:21:53,995 - documentor.processing.parsers.docx_parser - INFO - Extracted DrawingML image 25
2025-09-21 19:21:54,003 - documentor.processing.parsers.docx_parser - INFO - Paragraph 377: found 8 images
2025-09-21 19:21:54,011 - documentor.processing.parsers.docx_parser - INFO - Extracted DrawingML image 26
2025-09-21 19:21:54,023 - documentor.processing.parsers.docx_parser - INFO - Extracted DrawingML image 27
2025-09-21 19:21:54,035 - documentor.processing.parsers.docx_parser - INFO - Extracted DrawingML image 28
2025-09-21 19:21:54,043 - documentor.processing.parsers.docx_parser - INFO - Extracted DrawingML image 29
2025-09-21 19:21:54,080 - documentor.processing.parsers.docx_parser - INFO - Paragraph 380: found 2 images
2025-09-21 19:21:54,085 - documentor.processing.parsers.docx_parser - INFO - Extracted DrawingML image 30
2025-09-21 19:21:54,093 - documentor.processing.parsers.docx_parser - INFO - Paragraph 389: found 2 images
2025-09-21 19:21:54,100 - documentor.processing.parsers.docx_parser - INFO - Extracted DrawingML image 31
2025-09-21 19:21:54,121 - documentor.processing.parsers.docx_parser - INFO - Paragraph 427: found 2 images
2025-09-21 19:21:54,132 - documentor.processing.parsers.docx_parser - INFO - Extracted DrawingML image 32
2025-09-21 19:21:54,147 - documentor.processing.parsers.docx_parser - INFO - Paragraph 435: found 2 images
2025-09-21 19:21:54,153 - documentor.processing.parsers.docx_parser - INFO - Extracted DrawingML image 33
2025-09-21 19:21:54,160 - documentor.processing.parsers.docx_parser - INFO - Paragraph 440: found 2 images
2025-09-21 19:21:54,165 - documentor.processing.parsers.docx_parser - INFO - Extracted DrawingML image 34
2025-09-21 19:21:54,174 - documentor.processing.parsers.docx_parser - INFO - Paragraph 451: found 2 images
2025-09-21 19:21:54,184 - documentor.processing.parsers.docx_parser - INFO - Extracted DrawingML image 35
2025-09-21 19:21:54,199 - documentor.processing.parsers.docx_parser - INFO - Paragraph 465: found 2 images
2025-09-21 19:21:54,204 - documentor.processing.parsers.docx_parser - INFO - Extracted DrawingML image 36
2025-09-21 19:21:54,212 - documentor.processing.parsers.docx_parser - INFO - Paragraph 469: found 2 images
2025-09-21 19:21:54,216 - documentor.processing.parsers.docx_parser - INFO - Extracted DrawingML image 37
2025-09-21 19:21:54,224 - documentor.processing.parsers.docx_parser - INFO - Paragraph 483: found 2 images
2025-09-21 19:21:54,237 - documentor.processing.parsers.docx_parser - INFO - Extracted DrawingML image 38
2025-09-21 19:21:54,252 - documentor.processing.parsers.docx_parser - INFO - Paragraph 488: found 2 images
2025-09-21 19:21:54,256 - documentor.processing.parsers.docx_parser - INFO - Extracted DrawingML image 39
2025-09-21 19:21:54,265 - documentor.processing.parsers.docx_parser - INFO - Paragraph 499: found 2 images
2025-09-21 19:21:54,270 - documentor.processing.parsers.docx_parser - INFO - Extracted DrawingML image 40
2025-09-21 19:21:54,279 - documentor.processing.parsers.docx_parser - INFO - Paragraph 511: found 2 images
2025-09-21 19:21:54,285 - documentor.processing.parsers.docx_parser - INFO - Extracted DrawingML image 41
2025-09-21 19:21:54,293 - documentor.processing.parsers.docx_parser - INFO - Paragraph 519: found 2 images
2025-09-21 19:21:54,299 - documentor.processing.parsers.docx_parser - INFO - Extracted DrawingML image 42
2025-09-21 19:21:54,308 - documentor.processing.parsers.docx_parser - INFO - Paragraph 526: found 2 images
2025-09-21 19:21:54,314 - documentor.processing.parsers.docx_parser - INFO - Extracted DrawingML image 43
2025-09-21 19:21:54,325 - documentor.processing.parsers.docx_parser - INFO - Paragraph 541: found 2 images
2025-09-21 19:21:54,330 - documentor.processing.parsers.docx_parser - INFO - Extracted DrawingML image 44
2025-09-21 19:21:54,348 - documentor.processing.parsers.docx_parser - INFO - Paragraph 572: found 2 images
2025-09-21 19:21:54,354 - documentor.processing.parsers.docx_parser - INFO - Extracted DrawingML image 45
2025-09-21 19:21:54,367 - documentor.processing.parsers.docx_parser - INFO - Paragraph 590: found 2 images
2025-09-21 19:21:54,373 - documentor.processing.parsers.docx_parser - INFO - Extracted DrawingML image 46
2025-09-21 19:21:54,392 - documentor.processing.parsers.docx_parser - INFO - Paragraph 619: found 2 images
2025-09-21 19:21:54,398 - documentor.processing.parsers.docx_parser - INFO - Extracted DrawingML image 47
2025-09-21 19:21:54,416 - documentor.processing.parsers.docx_parser - INFO - Document processing complete. Total image counter: 47
2025-09-21 19:21:54,416 - documentor.processing.parsers.docx_parser - INFO - Searching for TOC fields in document
2025-09-21 19:21:54,499 - documentor.processing.parsers.docx_parser - WARNING - No TOC fields found in document
2025-09-21 19:21:54,500 - documentor.processing.parsers.docx_parser - WARNING - No TOC entries found
2025-09-21 19:21:54,500 - documentor.processing.parsers.docx_parser - INFO - Looking for image-caption links in 647 fragments
2025-09-21 19:21:54,500 - documentor.processing.parsers.docx_parser - INFO - Found image fragment at index 1
2025-09-21 19:21:54,500 - documentor.processing.parsers.docx_parser - INFO - Found image fragment at index 4
2025-09-21 19:21:54,501 - documentor.processing.parsers.docx_parser - INFO - Found image fragment at index 8
2025-09-21 19:21:54,501 - documentor.processing.parsers.docx_parser - INFO - Found image fragment at index 16
2025-09-21 19:21:54,501 - documentor.processing.parsers.docx_parser - INFO - Found image fragment at index 24
2025-09-21 19:21:54,501 - documentor.processing.parsers.docx_parser - INFO - Found image fragment at index 27
2025-09-21 19:21:54,501 - documentor.processing.parsers.docx_parser - INFO - Found image fragment at index 33
2025-09-21 19:21:54,501 - documentor.processing.parsers.docx_parser - INFO - Found image fragment at index 42
2025-09-21 19:21:54,502 - documentor.processing.parsers.docx_parser - INFO - Found image fragment at index 45
2025-09-21 19:21:54,502 - documentor.processing.parsers.docx_parser - INFO - Found image fragment at index 58
2025-09-21 19:21:54,502 - documentor.processing.parsers.docx_parser - INFO - Found image fragment at index 62
2025-09-21 19:21:54,502 - documentor.processing.parsers.docx_parser - INFO - Found image fragment at index 68
2025-09-21 19:21:54,502 - documentor.processing.parsers.docx_parser - INFO - Found image fragment at index 80
2025-09-21 19:21:54,502 - documentor.processing.parsers.docx_parser - INFO - Found image fragment at index 81
2025-09-21 19:21:54,502 - documentor.processing.parsers.docx_parser - INFO - Found image fragment at index 106
2025-09-21 19:21:54,503 - documentor.processing.parsers.docx_parser - INFO - Found image fragment at index 135
2025-09-21 19:21:54,503 - documentor.processing.parsers.docx_parser - INFO - Found image fragment at index 174
2025-09-21 19:21:54,503 - documentor.processing.parsers.docx_parser - INFO - Found image fragment at index 310
2025-09-21 19:21:54,503 - documentor.processing.parsers.docx_parser - INFO - Found image fragment at index 311
2025-09-21 19:21:54,503 - documentor.processing.parsers.docx_parser - INFO - Found image fragment at index 312
2025-09-21 19:21:54,503 - documentor.processing.parsers.docx_parser - INFO - Found image fragment at index 313
2025-09-21 19:21:54,503 - documentor.processing.parsers.docx_parser - INFO - Found image fragment at index 314
2025-09-21 19:21:54,504 - documentor.processing.parsers.docx_parser - INFO - Found image fragment at index 320
2025-09-21 19:21:54,504 - documentor.processing.parsers.docx_parser - INFO - Found image fragment at index 336
2025-09-21 19:21:54,504 - documentor.processing.parsers.docx_parser - INFO - Found image fragment at index 370
2025-09-21 19:21:54,504 - documentor.processing.parsers.docx_parser - INFO - Found image fragment at index 374
2025-09-21 19:21:54,504 - documentor.processing.parsers.docx_parser - INFO - Found image fragment at index 375
2025-09-21 19:21:54,504 - documentor.processing.parsers.docx_parser - INFO - Found image fragment at index 376
2025-09-21 19:21:54,505 - documentor.processing.parsers.docx_parser - INFO - Found image fragment at index 377
2025-09-21 19:21:54,505 - documentor.processing.parsers.docx_parser - INFO - Found image fragment at index 380
2025-09-21 19:21:54,505 - documentor.processing.parsers.docx_parser - INFO - Found image fragment at index 389
2025-09-21 19:21:54,505 - documentor.processing.parsers.docx_parser - INFO - Found image fragment at index 427
2025-09-21 19:21:54,505 - documentor.processing.parsers.docx_parser - INFO - Found image fragment at index 435
2025-09-21 19:21:54,505 - documentor.processing.parsers.docx_parser - INFO - Found image fragment at index 440
2025-09-21 19:21:54,506 - documentor.processing.parsers.docx_parser - INFO - Found image fragment at index 451
2025-09-21 19:21:54,506 - documentor.processing.parsers.docx_parser - INFO - Found image fragment at index 465
2025-09-21 19:21:54,506 - documentor.processing.parsers.docx_parser - INFO - Found image fragment at index 469
2025-09-21 19:21:54,506 - documentor.processing.parsers.docx_parser - INFO - Found image fragment at index 483
2025-09-21 19:21:54,506 - documentor.processing.parsers.docx_parser - INFO - Found image fragment at index 488
2025-09-21 19:21:54,506 - documentor.processing.parsers.docx_parser - INFO - Found image fragment at index 499
2025-09-21 19:21:54,506 - documentor.processing.parsers.docx_parser - INFO - Found image fragment at index 511
2025-09-21 19:21:54,507 - documentor.processing.parsers.docx_parser - INFO - Found image fragment at index 519
2025-09-21 19:21:54,507 - documentor.processing.parsers.docx_parser - INFO - Found image fragment at index 526
2025-09-21 19:21:54,507 - documentor.processing.parsers.docx_parser - INFO - Found image fragment at index 541
2025-09-21 19:21:54,507 - documentor.processing.parsers.docx_parser - INFO - Found image fragment at index 572
2025-09-21 19:21:54,507 - documentor.processing.parsers.docx_parser - INFO - Found image fragment at index 590
2025-09-21 19:21:54,507 - documentor.processing.parsers.docx_parser - INFO - Found image fragment at index 619
2025-09-21 19:21:54,507 - documentor.processing.parsers.docx_parser - INFO - Looking for caption near image at position 1
2025-09-21 19:21:54,508 - documentor.processing.parsers.docx_parser - WARNING - No caption found near image at position 1
2025-09-21 19:21:54,508 - documentor.processing.parsers.docx_parser - INFO - Looking for caption near image at position 4
2025-09-21 19:21:54,508 - documentor.processing.parsers.docx_parser - WARNING - No caption found near image at position 4
2025-09-21 19:21:54,508 - documentor.processing.parsers.docx_parser - INFO - Looking for caption near image at position 8
2025-09-21 19:21:54,508 - documentor.processing.parsers.docx_parser - WARNING - No caption found near image at position 8
2025-09-21 19:21:54,508 - documentor.processing.parsers.docx_parser - INFO - Looking for caption near image at position 16
2025-09-21 19:21:54,509 - documentor.processing.parsers.docx_parser - WARNING - No caption found near image at position 16
2025-09-21 19:21:54,509 - documentor.processing.parsers.docx_parser - INFO - Looking for caption near image at position 24
2025-09-21 19:21:54,509 - documentor.processing.parsers.docx_parser - WARNING - No caption found near image at position 24
2025-09-21 19:21:54,509 - documentor.processing.parsers.docx_parser - INFO - Looking for caption near image at position 27
2025-09-21 19:21:54,509 - documentor.processing.parsers.docx_parser - WARNING - No caption found near image at position 27
2025-09-21 19:21:54,510 - documentor.processing.parsers.docx_parser - INFO - Looking for caption near image at position 33
2025-09-21 19:21:54,510 - documentor.processing.parsers.docx_parser - WARNING - No caption found near image at position 33
2025-09-21 19:21:54,510 - documentor.processing.parsers.docx_parser - INFO - Looking for caption near image at position 42
2025-09-21 19:21:54,510 - documentor.processing.parsers.docx_parser - WARNING - No caption found near image at position 42
2025-09-21 19:21:54,510 - documentor.processing.parsers.docx_parser - INFO - Looking for caption near image at position 45
2025-09-21 19:21:54,510 - documentor.processing.parsers.docx_parser - WARNING - No caption found near image at position 45
2025-09-21 19:21:54,510 - documentor.processing.parsers.docx_parser - INFO - Looking for caption near image at position 58
2025-09-21 19:21:54,511 - documentor.processing.parsers.docx_parser - WARNING - No caption found near image at position 58
2025-09-21 19:21:54,511 - documentor.processing.parsers.docx_parser - INFO - Looking for caption near image at position 62
2025-09-21 19:21:54,511 - documentor.processing.parsers.docx_parser - WARNING - No caption found near image at position 62
2025-09-21 19:21:54,511 - documentor.processing.parsers.docx_parser - INFO - Looking for caption near image at position 68
2025-09-21 19:21:54,511 - documentor.processing.parsers.docx_parser - WARNING - No caption found near image at position 68
2025-09-21 19:21:54,511 - documentor.processing.parsers.docx_parser - INFO - Looking for caption near image at position 80
2025-09-21 19:21:54,511 - documentor.processing.parsers.docx_parser - WARNING - No caption found near image at position 80
2025-09-21 19:21:54,512 - documentor.processing.parsers.docx_parser - INFO - Looking for caption near image at position 81
2025-09-21 19:21:54,512 - documentor.processing.parsers.docx_parser - WARNING - No caption found near image at position 81
2025-09-21 19:21:54,512 - documentor.processing.parsers.docx_parser - INFO - Looking for caption near image at position 106
2025-09-21 19:21:54,512 - documentor.processing.parsers.docx_parser - WARNING - No caption found near image at position 106
2025-09-21 19:21:54,512 - documentor.processing.parsers.docx_parser - INFO - Looking for caption near image at position 135
2025-09-21 19:21:54,513 - documentor.processing.parsers.docx_parser - WARNING - No caption found near image at position 135
2025-09-21 19:21:54,513 - documentor.processing.parsers.docx_parser - INFO - Looking for caption near image at position 174
2025-09-21 19:21:54,513 - documentor.processing.parsers.docx_parser - WARNING - No caption found near image at position 174
2025-09-21 19:21:54,513 - documentor.processing.parsers.docx_parser - INFO - Looking for caption near image at position 310
2025-09-21 19:21:54,513 - documentor.processing.parsers.docx_parser - WARNING - No caption found near image at position 310
2025-09-21 19:21:54,513 - documentor.processing.parsers.docx_parser - INFO - Looking for caption near image at position 311
2025-09-21 19:21:54,514 - documentor.processing.parsers.docx_parser - WARNING - No caption found near image at position 311
2025-09-21 19:21:54,514 - documentor.processing.parsers.docx_parser - INFO - Looking for caption near image at position 312
2025-09-21 19:21:54,514 - documentor.processing.parsers.docx_parser - WARNING - No caption found near image at position 312
2025-09-21 19:21:54,514 - documentor.processing.parsers.docx_parser - INFO - Looking for caption near image at position 313
2025-09-21 19:21:54,514 - documentor.processing.parsers.docx_parser - WARNING - No caption found near image at position 313
2025-09-21 19:21:54,514 - documentor.processing.parsers.docx_parser - INFO - Looking for caption near image at position 314
2025-09-21 19:21:54,515 - documentor.processing.parsers.docx_parser - WARNING - No caption found near image at position 314
2025-09-21 19:21:54,515 - documentor.processing.parsers.docx_parser - INFO - Looking for caption near image at position 320
2025-09-21 19:21:54,515 - documentor.processing.parsers.docx_parser - WARNING - No caption found near image at position 320
2025-09-21 19:21:54,515 - documentor.processing.parsers.docx_parser - INFO - Looking for caption near image at position 336
2025-09-21 19:21:54,515 - documentor.processing.parsers.docx_parser - WARNING - No caption found near image at position 336
2025-09-21 19:21:54,515 - documentor.processing.parsers.docx_parser - INFO - Looking for caption near image at position 370
2025-09-21 19:21:54,516 - documentor.processing.parsers.docx_parser - WARNING - No caption found near image at position 370
2025-09-21 19:21:54,516 - documentor.processing.parsers.docx_parser - INFO - Looking for caption near image at position 374
2025-09-21 19:21:54,516 - documentor.processing.parsers.docx_parser - WARNING - No caption found near image at position 374
2025-09-21 19:21:54,516 - documentor.processing.parsers.docx_parser - INFO - Looking for caption near image at position 375
2025-09-21 19:21:54,516 - documentor.processing.parsers.docx_parser - WARNING - No caption found near image at position 375
2025-09-21 19:21:54,516 - documentor.processing.parsers.docx_parser - INFO - Looking for caption near image at position 376
2025-09-21 19:21:54,517 - documentor.processing.parsers.docx_parser - WARNING - No caption found near image at position 376
2025-09-21 19:21:54,517 - documentor.processing.parsers.docx_parser - INFO - Looking for caption near image at position 377
2025-09-21 19:21:54,517 - documentor.processing.parsers.docx_parser - WARNING - No caption found near image at position 377
2025-09-21 19:21:54,517 - documentor.processing.parsers.docx_parser - INFO - Looking for caption near image at position 380
2025-09-21 19:21:54,517 - documentor.processing.parsers.docx_parser - WARNING - No caption found near image at position 380
2025-09-21 19:21:54,518 - documentor.processing.parsers.docx_parser - INFO - Looking for caption near image at position 389
2025-09-21 19:21:54,518 - documentor.processing.parsers.docx_parser - WARNING - No caption found near image at position 389
2025-09-21 19:21:54,518 - documentor.processing.parsers.docx_parser - INFO - Looking for caption near image at position 427
2025-09-21 19:21:54,518 - documentor.processing.parsers.docx_parser - WARNING - No caption found near image at position 427
2025-09-21 19:21:54,518 - documentor.processing.parsers.docx_parser - INFO - Looking for caption near image at position 435
2025-09-21 19:21:54,518 - documentor.processing.parsers.docx_parser - WARNING - No caption found near image at position 435
2025-09-21 19:21:54,519 - documentor.processing.parsers.docx_parser - INFO - Looking for caption near image at position 440
2025-09-21 19:21:54,519 - documentor.processing.parsers.docx_parser - WARNING - No caption found near image at position 440
2025-09-21 19:21:54,519 - documentor.processing.parsers.docx_parser - INFO - Looking for caption near image at position 451
2025-09-21 19:21:54,519 - documentor.processing.parsers.docx_parser - WARNING - No caption found near image at position 451
2025-09-21 19:21:54,519 - documentor.processing.parsers.docx_parser - INFO - Looking for caption near image at position 465
2025-09-21 19:21:54,519 - documentor.processing.parsers.docx_parser - WARNING - No caption found near image at position 465
2025-09-21 19:21:54,520 - documentor.processing.parsers.docx_parser - INFO - Looking for caption near image at position 469
2025-09-21 19:21:54,520 - documentor.processing.parsers.docx_parser - WARNING - No caption found near image at position 469
2025-09-21 19:21:54,520 - documentor.processing.parsers.docx_parser - INFO - Looking for caption near image at position 483
2025-09-21 19:21:54,520 - documentor.processing.parsers.docx_parser - WARNING - No caption found near image at position 483
2025-09-21 19:21:54,520 - documentor.processing.parsers.docx_parser - INFO - Looking for caption near image at position 488
2025-09-21 19:21:54,520 - documentor.processing.parsers.docx_parser - WARNING - No caption found near image at position 488
2025-09-21 19:21:54,520 - documentor.processing.parsers.docx_parser - INFO - Looking for caption near image at position 499
2025-09-21 19:21:54,521 - documentor.processing.parsers.docx_parser - WARNING - No caption found near image at position 499
2025-09-21 19:21:54,521 - documentor.processing.parsers.docx_parser - INFO - Looking for caption near image at position 511
2025-09-21 19:21:54,521 - documentor.processing.parsers.docx_parser - WARNING - No caption found near image at position 511
2025-09-21 19:21:54,521 - documentor.processing.parsers.docx_parser - INFO - Looking for caption near image at position 519
2025-09-21 19:21:54,521 - documentor.processing.parsers.docx_parser - WARNING - No caption found near image at position 519
2025-09-21 19:21:54,521 - documentor.processing.parsers.docx_parser - INFO - Looking for caption near image at position 526
2025-09-21 19:21:54,522 - documentor.processing.parsers.docx_parser - WARNING - No caption found near image at position 526
2025-09-21 19:21:54,522 - documentor.processing.parsers.docx_parser - INFO - Looking for caption near image at position 541
2025-09-21 19:21:54,523 - documentor.processing.parsers.docx_parser - WARNING - No caption found near image at position 541
2025-09-21 19:21:54,523 - documentor.processing.parsers.docx_parser - INFO - Looking for caption near image at position 572
2025-09-21 19:21:54,524 - documentor.processing.parsers.docx_parser - WARNING - No caption found near image at position 572
2025-09-21 19:21:54,524 - documentor.processing.parsers.docx_parser - INFO - Looking for caption near image at position 590
2025-09-21 19:21:54,530 - documentor.processing.parsers.docx_parser - WARNING - No caption found near image at position 590
2025-09-21 19:21:54,530 - documentor.processing.parsers.docx_parser - INFO - Looking for caption near image at position 619
2025-09-21 19:21:54,530 - documentor.processing.parsers.docx_parser - WARNING - No caption found near image at position 619
2025-09-21 19:21:54,531 - documentor.processing.parsers.docx_parser - INFO - Caption linking complete. Found 0 total captions, 47 images in document order
2025-09-21 19:21:54,534 - documentor.processing.parsers.docx_parser - INFO - Extracted 647 fragments, 111534 words, 47 images in document order
2025-09-21 19:21:54,535 - documentor.processing.processors.document_processor - INFO - File processed: 647 fragments
2025-09-21 19:21:54,557 - documentor.storage.structured_storage - INFO - Saving document doc_20250921_192154_227 from file sample4.docx
2025-09-21 19:22:05,224 - documentor.storage.structured_storage - INFO - Saved 47 fragment images
2025-09-21 19:22:05,225 - documentor.storage.structured_storage - INFO - Document doc_20250921_192154_227 successfully saved
